<?xml version="1.0" encoding="UTF-8"?>
<testng-results ignored="0" total="1" passed="1" failed="0" skipped="0">
  <reporter-output>
  </reporter-output>
  <suite started-at="2018-08-31T11:49:54Z" name="Surefire suite" finished-at="2018-08-31T11:49:54Z" duration-ms="75">
    <groups>
    </groups>
    <test started-at="2018-08-31T11:49:54Z" name="Surefire test" finished-at="2018-08-31T11:49:54Z" duration-ms="75">
      <class name="qa.fastspring.AppTest">
        <test-method signature="shouldAnswerWithTrue()" started-at="2018-08-31T11:49:54Z" name="shouldAnswerWithTrue" finished-at="2018-08-31T11:49:54Z" duration-ms="23" status="PASS">
          <reporter-output>
          </reporter-output>
        </test-method> <!-- shouldAnswerWithTrue -->
      </class> <!-- qa.fastspring.AppTest -->
    </test> <!-- Surefire test -->
  </suite> <!-- Surefire suite -->
</testng-results>
